2019-07-20 01:20:08.658906
Filename : test
Vertices : 100
Edges : 50
Elapsed Time : 2min
-------------------------------
2019-07-20 01:24:20.402675
Filename : test
Vertices : 100
Edges : 50
Elapsed Time : 2min
-------------------------------
2019-07-20 01:25:54.101909
Filename : test
Vertices : 100
Edges : 50
Elapsed Time : 2min
-------------------------------
2019-07-20 01:27:24.189536
Filename : test
Vertices : 100
Edges : 50
Elapsed Time : 2min
-------------------------------
2019-07-20 01:27:43.454026
Filename : test
Vertices : 100
Edges : 50
Elapsed Time : 2min
-------------------------------
2019-07-20 01:27:59.631947
Filename : test
Vertices : 100
Edges : 50
Elapsed Time : 2min
-------------------------------
2019-07-20 01:29:39.018502
Filename : test
Vertices : 100
Edges : 50
Elapsed Time : 2min
-------------------------------
2019-07-20 01:29:47.100892
Filename : test
Vertices : 100
Edges : 50
Elapsed Time : 2min
-------------------------------
2019-07-20 01:30:04.944516
Filename : test
Vertices : 100
Edges : 50
Elapsed Time : 2min
-------------------------------
2019-07-20 01:32:25.598300
Filename : test
Vertices : 100
Edges : 50
Elapsed Time : 2min
-------------------------------
